TN:
SF:/Users/lucasd/src/oss/dclucas/metrics-tracker/app/config.js
FNF:0
FNH:0
DA:1,1
DA:2,1
DA:3,1
DA:4,1
DA:5,1
DA:6,1
DA:7,1
LF:7
LH:7
BRDA:3,1,0,1
BRDA:3,1,1,1
BRDA:4,2,0,1
BRDA:4,2,1,1
BRDA:5,3,0,1
BRDA:5,3,1,1
BRDA:6,4,0,1
BRDA:6,4,1,1
BRF:8
BRH:8
end_of_record
TN:
SF:/Users/lucasd/src/oss/dclucas/metrics-tracker/app/api.js
FN:11,(anonymous_1)
FN:29,(anonymous_2)
FNF:2
FNH:2
FNDA:1,(anonymous_1)
FNDA:1,(anonymous_2)
DA:3,1
DA:11,1
DA:12,1
DA:16,1
DA:18,1
DA:19,1
DA:21,1
DA:22,2
DA:25,1
DA:26,1
DA:29,1
DA:30,1
DA:31,1
LF:13
LH:13
BRF:0
BRH:0
end_of_record
TN:
SF:/Users/lucasd/src/oss/dclucas/metrics-tracker/app/utils/emitter.js
FN:5,createName
FN:9,Emitter
FN:13,(anonymous_3)
FN:19,(anonymous_4)
FNF:4
FNH:4
FNDA:2,createName
FNDA:1,Emitter
FNDA:1,(anonymous_3)
FNDA:1,(anonymous_4)
DA:1,1
DA:5,1
DA:6,2
DA:9,1
DA:10,1
DA:13,1
DA:14,1
DA:15,1
DA:16,1
DA:19,1
DA:20,1
DA:21,1
DA:22,1
DA:25,1
LF:14
LH:14
BRDA:15,1,0,1
BRDA:15,1,1,0
BRDA:21,2,0,1
BRDA:21,2,1,1
BRF:4
BRH:3
end_of_record
TN:
SF:/Users/lucasd/src/oss/dclucas/metrics-tracker/app/routes/cucumber-upload.js
FN:9,streamToString
FN:10,(anonymous_2)
FN:21,getObject
FN:25,(anonymous_4)
FN:33,validateObject
FN:34,(anonymous_6)
FN:35,(anonymous_7)
FN:71,(anonymous_8)
FN:93,(anonymous_9)
FNF:9
FNH:9
FNDA:2,streamToString
FNDA:2,(anonymous_2)
FNDA:2,getObject
FNDA:2,(anonymous_4)
FNDA:2,validateObject
FNDA:2,(anonymous_6)
FNDA:2,(anonymous_7)
FNDA:1,(anonymous_8)
FNDA:2,(anonymous_9)
DA:2,1
DA:9,1
DA:10,2
DA:11,2
DA:12,2
DA:13,2
DA:15,2
DA:16,2
DA:21,1
DA:22,2
DA:23,2
DA:24,2
DA:26,2
DA:30,0
DA:33,1
DA:34,2
DA:35,2
DA:36,2
DA:37,2
DA:42,1
DA:71,1
DA:72,1
DA:94,2
DA:95,2
DA:97,1
DA:107,1
DA:113,1
LF:27
LH:26
BRDA:23,1,0,2
BRDA:23,1,1,0
BRDA:36,2,0,1
BRDA:36,2,1,1
BRF:4
BRH:3
end_of_record
TN:
SF:/Users/lucasd/src/oss/dclucas/metrics-tracker/app/routes/healhcheck.js
FN:5,(anonymous_1)
FN:9,(anonymous_2)
FNF:2
FNH:2
FNDA:1,(anonymous_1)
FNDA:1,(anonymous_2)
DA:3,1
DA:5,1
DA:6,1
DA:10,1
LF:4
LH:4
BRF:0
BRH:0
end_of_record
TN:
SF:/Users/lucasd/src/oss/dclucas/metrics-tracker/app/eventHandlers/cucumber-events.js
FN:13,(anonymous_1)
FNF:1
FNH:1
FNDA:1,(anonymous_1)
DA:3,1
DA:4,1
DA:5,1
DA:6,1
DA:7,1
DA:8,1
DA:9,1
DA:10,1
DA:11,1
DA:13,1
DA:14,1
DA:15,1
DA:16,1
DA:17,1
DA:19,2
DA:20,2
DA:21,8
DA:38,1
DA:39,8
DA:43,8
LF:20
LH:20
BRDA:43,1,0,0
BRDA:43,1,1,8
BRF:2
BRH:1
end_of_record
TN:
SF:/Users/lucasd/src/oss/dclucas/metrics-tracker/app/utils/logger.js
FNF:0
FNH:0
DA:1,1
DA:5,1
LF:2
LH:2
BRF:0
BRH:0
end_of_record
